
  .   ____          _            __ _ _
 /\\ / ___'_ __ _ _(_)_ __  __ _ \ \ \ \
( ( )\___ | '_ | '_| | '_ \/ _` | \ \ \ \
 \\/  ___)| |_)| | | | | || (_| |  ) ) ) )
  '  |____| .__|_| |_|_| |_\__, | / / / /
 =========|_|==============|___/=/_/_/_/
 :: Spring Boot ::        (v2.0.5.RELEASE)

2019-01-03 00:03:36.404  INFO 25956 --- [           main] c.y.weixindemo.WeixindemoApplication     : Starting WeixindemoApplication v0.0.1-SNAPSHOT with PID 25956 (/usr/tomcat/weixindemo-0.0.1-SNAPSHOT.jar started by root in /usr/tomcat)
2019-01-03 00:03:36.415  INFO 25956 --- [           main] c.y.weixindemo.WeixindemoApplication     : No active profile set, falling back to default profiles: default
2019-01-03 00:03:36.563  INFO 25956 --- [           main] ConfigServletWebServerApplicationContext : Refreshing org.springframework.boot.web.servlet.context.AnnotationConfigServletWebServerApplicationContext@6d1e7682: startup date [Thu Jan 03 00:03:36 CST 2019]; root of context hierarchy
2019-01-03 00:03:38.541  INFO 25956 --- [           main] .s.d.r.c.RepositoryConfigurationDelegate : Multiple Spring Data modules found, entering strict repository configuration mode!
2019-01-03 00:03:39.727  INFO 25956 --- [           main] trationDelegate$BeanPostProcessorChecker : Bean 'org.springframework.transaction.annotation.ProxyTransactionManagementConfiguration' of type [org.springframework.transaction.annotation.ProxyTransactionManagementConfiguration$$EnhancerBySpringCGLIB$$eb93d43b] is not eligible for getting processed by all BeanPostProcessors (for example: not eligible for auto-proxying)
2019-01-03 00:03:40.993  INFO 25956 --- [           main] o.s.b.w.embedded.tomcat.TomcatWebServer  : Tomcat initialized with port(s): 80 (http)
2019-01-03 00:03:41.077  INFO 25956 --- [           main] o.apache.catalina.core.StandardService   : Starting service [Tomcat]
2019-01-03 00:03:41.078  INFO 25956 --- [           main] org.apache.catalina.core.StandardEngine  : Starting Servlet Engine: Apache Tomcat/8.5.34
2019-01-03 00:03:41.107  INFO 25956 --- [ost-startStop-1] o.a.catalina.core.AprLifecycleListener   : The APR based Apache Tomcat Native library which allows optimal performance in production environments was not found on the java.library.path: [/usr/java/packages/lib/amd64:/usr/lib64:/lib64:/lib:/usr/lib]
2019-01-03 00:03:41.304  INFO 25956 --- [ost-startStop-1] o.a.c.c.C.[.[localhost].[/weixin]        : Initializing Spring embedded WebApplicationContext
2019-01-03 00:03:41.304  INFO 25956 --- [ost-startStop-1] o.s.web.context.ContextLoader            : Root WebApplicationContext: initialization completed in 4755 ms
2019-01-03 00:03:41.478  INFO 25956 --- [ost-startStop-1] o.s.b.w.servlet.ServletRegistrationBean  : Servlet dispatcherServlet mapped to [/]
2019-01-03 00:03:41.483  INFO 25956 --- [ost-startStop-1] o.s.b.w.servlet.FilterRegistrationBean   : Mapping filter: 'characterEncodingFilter' to: [/*]
2019-01-03 00:03:41.483  INFO 25956 --- [ost-startStop-1] o.s.b.w.servlet.FilterRegistrationBean   : Mapping filter: 'hiddenHttpMethodFilter' to: [/*]
2019-01-03 00:03:41.483  INFO 25956 --- [ost-startStop-1] o.s.b.w.servlet.FilterRegistrationBean   : Mapping filter: 'httpPutFormContentFilter' to: [/*]
2019-01-03 00:03:41.483  INFO 25956 --- [ost-startStop-1] o.s.b.w.servlet.FilterRegistrationBean   : Mapping filter: 'requestContextFilter' to: [/*]
2019-01-03 00:03:42.555  INFO 25956 --- [           main] o.s.w.s.handler.SimpleUrlHandlerMapping  : Mapped URL path [/**/favicon.ico] onto handler of type [class org.springframework.web.servlet.resource.ResourceHttpRequestHandler]
2019-01-03 00:03:43.086  INFO 25956 --- [           main] s.w.s.m.m.a.RequestMappingHandlerAdapter : Looking for @ControllerAdvice: org.springframework.boot.web.servlet.context.AnnotationConfigServletWebServerApplicationContext@6d1e7682: startup date [Thu Jan 03 00:03:36 CST 2019]; root of context hierarchy
2019-01-03 00:03:43.257  INFO 25956 --- [           main] s.w.s.m.m.a.RequestMappingHandlerMapping : Mapped "{[/addKey]}" onto public java.lang.String com.yuanjun.weixindemo.controller.RedisController.addKey(java.lang.String,java.lang.String)
2019-01-03 00:03:43.259  INFO 25956 --- [           main] s.w.s.m.m.a.RequestMappingHandlerMapping : Mapped "{[/queryBykey]}" onto public java.lang.String com.yuanjun.weixindemo.controller.RedisController.queryByKey(java.lang.String)
2019-01-03 00:03:43.260  INFO 25956 --- [           main] s.w.s.m.m.a.RequestMappingHandlerMapping : Mapped "{[/hello],methods=[GET]}" onto public java.lang.String com.yuanjun.weixindemo.controller.TestController.login(javax.servlet.http.HttpServletRequest,javax.servlet.http.HttpServletResponse)
2019-01-03 00:03:43.266  INFO 25956 --- [           main] s.w.s.m.m.a.RequestMappingHandlerMapping : Mapped "{[/error]}" onto public org.springframework.http.ResponseEntity<java.util.Map<java.lang.String, java.lang.Object>> org.springframework.boot.autoconfigure.web.servlet.error.BasicErrorController.error(javax.servlet.http.HttpServletRequest)
2019-01-03 00:03:43.270  INFO 25956 --- [           main] s.w.s.m.m.a.RequestMappingHandlerMapping : Mapped "{[/error],produces=[text/html]}" onto public org.springframework.web.servlet.ModelAndView org.springframework.boot.autoconfigure.web.servlet.error.BasicErrorController.errorHtml(javax.servlet.http.HttpServletRequest,javax.servlet.http.HttpServletResponse)
2019-01-03 00:03:43.349  INFO 25956 --- [           main] o.s.w.s.handler.SimpleUrlHandlerMapping  : Mapped URL path [/webjars/**] onto handler of type [class org.springframework.web.servlet.resource.ResourceHttpRequestHandler]
2019-01-03 00:03:43.350  INFO 25956 --- [           main] o.s.w.s.handler.SimpleUrlHandlerMapping  : Mapped URL path [/**] onto handler of type [class org.springframework.web.servlet.resource.ResourceHttpRequestHandler]
2019-01-03 00:03:43.477  WARN 25956 --- [           main] ion$DefaultTemplateResolverConfiguration : Cannot find template location: classpath:/templates/ (please add some templates or check your Thymeleaf configuration)
2019-01-03 00:03:43.606  INFO 25956 --- [           main] o.s.b.a.w.s.WelcomePageHandlerMapping    : Adding welcome page: class path resource [public/index.html]
2019-01-03 00:03:44.629  INFO 25956 --- [           main] o.s.j.e.a.AnnotationMBeanExporter        : Registering beans for JMX exposure on startup
2019-01-03 00:03:44.643  INFO 25956 --- [           main] o.s.j.e.a.AnnotationMBeanExporter        : Bean with name 'dataSource' has been autodetected for JMX exposure
2019-01-03 00:03:44.649  INFO 25956 --- [           main] o.s.j.e.a.AnnotationMBeanExporter        : Located MBean 'dataSource': registering with JMX server as MBean [com.zaxxer.hikari:name=dataSource,type=HikariDataSource]
2019-01-03 00:03:44.741  INFO 25956 --- [           main] o.s.b.w.embedded.tomcat.TomcatWebServer  : Tomcat started on port(s): 80 (http) with context path '/weixin'
2019-01-03 00:03:44.749  INFO 25956 --- [           main] c.y.weixindemo.WeixindemoApplication     : Started WeixindemoApplication in 9.432 seconds (JVM running for 10.384)
2019-01-03 00:04:55.479  INFO 25956 --- [p-nio-80-exec-6] o.a.c.c.C.[.[localhost].[/weixin]        : Initializing Spring FrameworkServlet 'dispatcherServlet'
2019-01-03 00:04:55.485  INFO 25956 --- [p-nio-80-exec-6] o.s.web.servlet.DispatcherServlet        : FrameworkServlet 'dispatcherServlet': initialization started
2019-01-03 00:04:55.522  INFO 25956 --- [p-nio-80-exec-6] o.s.web.servlet.DispatcherServlet        : FrameworkServlet 'dispatcherServlet': initialization completed in 37 ms
success
从缓存中读取
2019-01-03 00:04:55.618 ERROR 25956 --- [p-nio-80-exec-6] redis.clients.jedis.HostAndPort          : cant resolve localhost address

java.net.UnknownHostException: iZm5e4jdtpocbpr1zjylw4Z: iZm5e4jdtpocbpr1zjylw4Z: Name or service not known
	at java.net.InetAddress.getLocalHost(InetAddress.java:1505) ~[na:1.8.0_171]
	at redis.clients.jedis.HostAndPort.getLocalHostQuietly(HostAndPort.java:105) [jedis-2.9.0.jar!/:na]
	at redis.clients.jedis.HostAndPort.<clinit>(HostAndPort.java:12) [jedis-2.9.0.jar!/:na]
	at redis.clients.jedis.JedisFactory.<init>(JedisFactory.java:37) [jedis-2.9.0.jar!/:na]
	at redis.clients.jedis.JedisPool.<init>(JedisPool.java:185) [jedis-2.9.0.jar!/:na]
	at redis.clients.jedis.JedisPool.<init>(JedisPool.java:162) [jedis-2.9.0.jar!/:na]
	at redis.clients.jedis.JedisPool.<init>(JedisPool.java:127) [jedis-2.9.0.jar!/:na]
	at com.yuanjun.weixindemo.redis.RedisUtil.<clinit>(RedisUtil.java:44) [classes!/:0.0.1-SNAPSHOT]
	at com.yuanjun.weixindemo.util.WeiXinUtil.getAccess_Token(WeiXinUtil.java:103) [classes!/:0.0.1-SNAPSHOT]
	at com.yuanjun.weixindemo.controller.TestController.login(TestController.java:20) [classes!/:0.0.1-SNAPSHOT]
	at sun.reflect.NativeMethodAccessorImpl.invoke0(Native Method) ~[na:1.8.0_171]
	at sun.reflect.NativeMethodAccessorImpl.invoke(NativeMethodAccessorImpl.java:62) ~[na:1.8.0_171]
	at sun.reflect.DelegatingMethodAccessorImpl.invoke(DelegatingMethodAccessorImpl.java:43) ~[na:1.8.0_171]
	at java.lang.reflect.Method.invoke(Method.java:498) ~[na:1.8.0_171]
	at org.springframework.web.method.support.InvocableHandlerMethod.doInvoke(InvocableHandlerMethod.java:209) [spring-web-5.0.9.RELEASE.jar!/:5.0.9.RELEASE]
	at org.springframework.web.method.support.InvocableHandlerMethod.invokeForRequest(InvocableHandlerMethod.java:136) [spring-web-5.0.9.RELEASE.jar!/:5.0.9.RELEASE]
	at org.springframework.web.servlet.mvc.method.annotation.ServletInvocableHandlerMethod.invokeAndHandle(ServletInvocableHandlerMethod.java:102) [spring-webmvc-5.0.9.RELEASE.jar!/:5.0.9.RELEASE]
	at org.springframework.web.servlet.mvc.method.annotation.RequestMappingHandlerAdapter.invokeHandlerMethod(RequestMappingHandlerAdapter.java:891) [spring-webmvc-5.0.9.RELEASE.jar!/:5.0.9.RELEASE]
	at org.springframework.web.servlet.mvc.method.annotation.RequestMappingHandlerAdapter.handleInternal(RequestMappingHandlerAdapter.java:797) [spring-webmvc-5.0.9.RELEASE.jar!/:5.0.9.RELEASE]
	at org.springframework.web.servlet.mvc.method.AbstractHandlerMethodAdapter.handle(AbstractHandlerMethodAdapter.java:87) [spring-webmvc-5.0.9.RELEASE.jar!/:5.0.9.RELEASE]
	at org.springframework.web.servlet.DispatcherServlet.doDispatch(DispatcherServlet.java:991) [spring-webmvc-5.0.9.RELEASE.jar!/:5.0.9.RELEASE]
	at org.springframework.web.servlet.DispatcherServlet.doService(DispatcherServlet.java:925) [spring-webmvc-5.0.9.RELEASE.jar!/:5.0.9.RELEASE]
	at org.springframework.web.servlet.FrameworkServlet.processRequest(FrameworkServlet.java:974) [spring-webmvc-5.0.9.RELEASE.jar!/:5.0.9.RELEASE]
	at org.springframework.web.servlet.FrameworkServlet.doGet(FrameworkServlet.java:866) [spring-webmvc-5.0.9.RELEASE.jar!/:5.0.9.RELEASE]
	at javax.servlet.http.HttpServlet.service(HttpServlet.java:635) [tomcat-embed-core-8.5.34.jar!/:8.5.34]
	at org.springframework.web.servlet.FrameworkServlet.service(FrameworkServlet.java:851) [spring-webmvc-5.0.9.RELEASE.jar!/:5.0.9.RELEASE]
	at javax.servlet.http.HttpServlet.service(HttpServlet.java:742) [tomcat-embed-core-8.5.34.jar!/:8.5.34]
	at org.apache.catalina.core.ApplicationFilterChain.internalDoFilter(ApplicationFilterChain.java:231) [tomcat-embed-core-8.5.34.jar!/:8.5.34]
	at org.apache.catalina.core.ApplicationFilterChain.doFilter(ApplicationFilterChain.java:166) [tomcat-embed-core-8.5.34.jar!/:8.5.34]
	at org.apache.tomcat.websocket.server.WsFilter.doFilter(WsFilter.java:52) [tomcat-embed-websocket-8.5.34.jar!/:8.5.34]
	at org.apache.catalina.core.ApplicationFilterChain.internalDoFilter(ApplicationFilterChain.java:193) [tomcat-embed-core-8.5.34.jar!/:8.5.34]
	at org.apache.catalina.core.ApplicationFilterChain.doFilter(ApplicationFilterChain.java:166) [tomcat-embed-core-8.5.34.jar!/:8.5.34]
	at org.springframework.web.filter.RequestContextFilter.doFilterInternal(RequestContextFilter.java:99) [spring-web-5.0.9.RELEASE.jar!/:5.0.9.RELEASE]
	at org.springframework.web.filter.OncePerRequestFilter.doFilter(OncePerRequestFilter.java:107) [spring-web-5.0.9.RELEASE.jar!/:5.0.9.RELEASE]
	at org.apache.catalina.core.ApplicationFilterChain.internalDoFilter(ApplicationFilterChain.java:193) [tomcat-embed-core-8.5.34.jar!/:8.5.34]
	at org.apache.catalina.core.ApplicationFilterChain.doFilter(ApplicationFilterChain.java:166) [tomcat-embed-core-8.5.34.jar!/:8.5.34]
	at org.springframework.web.filter.HttpPutFormContentFilter.doFilterInternal(HttpPutFormContentFilter.java:109) [spring-web-5.0.9.RELEASE.jar!/:5.0.9.RELEASE]
	at org.springframework.web.filter.OncePerRequestFilter.doFilter(OncePerRequestFilter.java:107) [spring-web-5.0.9.RELEASE.jar!/:5.0.9.RELEASE]
	at org.apache.catalina.core.ApplicationFilterChain.internalDoFilter(ApplicationFilterChain.java:193) [tomcat-embed-core-8.5.34.jar!/:8.5.34]
	at org.apache.catalina.core.ApplicationFilterChain.doFilter(ApplicationFilterChain.java:166) [tomcat-embed-core-8.5.34.jar!/:8.5.34]
	at org.springframework.web.filter.HiddenHttpMethodFilter.doFilterInternal(HiddenHttpMethodFilter.java:93) [spring-web-5.0.9.RELEASE.jar!/:5.0.9.RELEASE]
	at org.springframework.web.filter.OncePerRequestFilter.doFilter(OncePerRequestFilter.java:107) [spring-web-5.0.9.RELEASE.jar!/:5.0.9.RELEASE]
	at org.apache.catalina.core.ApplicationFilterChain.internalDoFilter(ApplicationFilterChain.java:193) [tomcat-embed-core-8.5.34.jar!/:8.5.34]
	at org.apache.catalina.core.ApplicationFilterChain.doFilter(ApplicationFilterChain.java:166) [tomcat-embed-core-8.5.34.jar!/:8.5.34]
	at org.springframework.web.filter.CharacterEncodingFilter.doFilterInternal(CharacterEncodingFilter.java:200) [spring-web-5.0.9.RELEASE.jar!/:5.0.9.RELEASE]
	at org.springframework.web.filter.OncePerRequestFilter.doFilter(OncePerRequestFilter.java:107) [spring-web-5.0.9.RELEASE.jar!/:5.0.9.RELEASE]
	at org.apache.catalina.core.ApplicationFilterChain.internalDoFilter(ApplicationFilterChain.java:193) [tomcat-embed-core-8.5.34.jar!/:8.5.34]
	at org.apache.catalina.core.ApplicationFilterChain.doFilter(ApplicationFilterChain.java:166) [tomcat-embed-core-8.5.34.jar!/:8.5.34]
	at org.apache.catalina.core.StandardWrapperValve.invoke(StandardWrapperValve.java:198) [tomcat-embed-core-8.5.34.jar!/:8.5.34]
	at org.apache.catalina.core.StandardContextValve.invoke(StandardContextValve.java:96) [tomcat-embed-core-8.5.34.jar!/:8.5.34]
	at org.apache.catalina.authenticator.AuthenticatorBase.invoke(AuthenticatorBase.java:493) [tomcat-embed-core-8.5.34.jar!/:8.5.34]
	at org.apache.catalina.core.StandardHostValve.invoke(StandardHostValve.java:140) [tomcat-embed-core-8.5.34.jar!/:8.5.34]
	at org.apache.catalina.valves.ErrorReportValve.invoke(ErrorReportValve.java:81) [tomcat-embed-core-8.5.34.jar!/:8.5.34]
	at org.apache.catalina.core.StandardEngineValve.invoke(StandardEngineValve.java:87) [tomcat-embed-core-8.5.34.jar!/:8.5.34]
	at org.apache.catalina.connector.CoyoteAdapter.service(CoyoteAdapter.java:342) [tomcat-embed-core-8.5.34.jar!/:8.5.34]
	at org.apache.coyote.http11.Http11Processor.service(Http11Processor.java:800) [tomcat-embed-core-8.5.34.jar!/:8.5.34]
	at org.apache.coyote.AbstractProcessorLight.process(AbstractProcessorLight.java:66) [tomcat-embed-core-8.5.34.jar!/:8.5.34]
	at org.apache.coyote.AbstractProtocol$ConnectionHandler.process(AbstractProtocol.java:806) [tomcat-embed-core-8.5.34.jar!/:8.5.34]
	at org.apache.tomcat.util.net.NioEndpoint$SocketProcessor.doRun(NioEndpoint.java:1498) [tomcat-embed-core-8.5.34.jar!/:8.5.34]
	at org.apache.tomcat.util.net.SocketProcessorBase.run(SocketProcessorBase.java:49) [tomcat-embed-core-8.5.34.jar!/:8.5.34]
	at java.util.concurrent.ThreadPoolExecutor.runWorker(ThreadPoolExecutor.java:1149) [na:1.8.0_171]
	at java.util.concurrent.ThreadPoolExecutor$Worker.run(ThreadPoolExecutor.java:624) [na:1.8.0_171]
	at org.apache.tomcat.util.threads.TaskThread$WrappingRunnable.run(TaskThread.java:61) [tomcat-embed-core-8.5.34.jar!/:8.5.34]
	at java.lang.Thread.run(Thread.java:748) [na:1.8.0_171]
Caused by: java.net.UnknownHostException: iZm5e4jdtpocbpr1zjylw4Z: Name or service not known
	at java.net.Inet4AddressImpl.lookupAllHostAddr(Native Method) ~[na:1.8.0_171]
	at java.net.InetAddress$2.lookupAllHostAddr(InetAddress.java:928) ~[na:1.8.0_171]
	at java.net.InetAddress.getAddressesFromNameService(InetAddress.java:1323) ~[na:1.8.0_171]
	at java.net.InetAddress.getLocalHost(InetAddress.java:1500) ~[na:1.8.0_171]
	... 63 common frames omitted

从接口中获取
{"button":[{"key":"11","name":"往期活动","sub_button":[],"type":"click"},{"name":"百度一下","sub_button":[],"type":"view","url":"http://yundou.store/static/index.html"},{"name":"菜单","sub_button":[{"key":"31","name":"拍照发图","sub_button":[],"type":"pic_photo_or_album"},{"key":"32","name":"发送位置","sub_button":[],"type":"location_select"}],"type":"click"}]}
菜单创建成功
